C51 COMPILER V9.54   MAIN                                                                  10/27/2023 21:28:03 PAGE 1   


C51 COMPILER V9.54, COMPILATION OF MODULE MAIN
OBJECT MODULE PLACED IN .\Objects\main.obj
COMPILER INVOKED BY: C:\Keil_v5\C51\BIN\C51.EXE main.c OPTIMIZE(8,SPEED) BROWSE DEBUG OBJECTEXTEND PRINT(.\Listings\main
                    -.lst) TABS(2) OBJECT(.\Objects\main.obj)

line level    source

   1          #include <REGX52.H>
   2          #include "LCD1602.h"
   3          #include "Delay.h"
   4          #include "MatrixKey.h"
   5          
   6          
   7          void main(){
   8   1              int Password = 0,KeyNum,n[4],i;
   9   1          LCD_Init();
  10   1          LCD_ShowString(1,1,"Password");\
  11   2              while(1){
  12   2                  //??while ????,????????,??????Password???Password???????f u
  13   2                  if(KeyNum)
  14   2                      {
  15   3                      for(i=0;i<4;i++){
  16   4                              Password = Password *10;
  17   4                              n[i]=MatrixKey();
  18   4                              Password =Password + n[i];
  19   4                              }
  20   3                      if(KeyNum==11){
  21   4                              if (Password == 628){
  22   5                                      LCD_ShowString(1,1,"yeah");
  23   5                                  while(1){}
  24   5                              }
  25   4                              else{
  26   5                                      LCD_ShowString(1,1,"f**k you");
  27   5                                  while(1){}
  28   5                              }
  29   4                      }
  30   3              }
  31   2          }
  32   1      }


MODULE INFORMATION:   STATIC OVERLAYABLE
   CODE SIZE        =    149    ----
   CONSTANT SIZE    =     23    ----
   XDATA SIZE       =   ----    ----
   PDATA SIZE       =   ----    ----
   DATA SIZE        =   ----      14
   IDATA SIZE       =   ----    ----
   BIT SIZE         =   ----    ----
END OF MODULE INFORMATION.


C51 COMPILATION COMPLETE.  0 WARNING(S),  0 ERROR(S)
