C51 COMPILER V9.54   MATRIXKEY                                                             10/27/2023 20:33:17 PAGE 1   


C51 COMPILER V9.54, COMPILATION OF MODULE MATRIXKEY
OBJECT MODULE PLACED IN .\Objects\MatrixKey.obj
COMPILER INVOKED BY: C:\Keil_v5\C51\BIN\C51.EXE MatrixKey.c OPTIMIZE(8,SPEED) BROWSE DEBUG OBJECTEXTEND PRINT(.\Listings
                    -\MatrixKey.lst) TABS(2) OBJECT(.\Objects\MatrixKey.obj)

line level    source

   1          #include <REGX52.H>
   2          
   3          #include "Delay.h"
   4          
   5          /**
   6            * @brief  çŸ©é˜µé”®ç›˜è¯»å–æŒ‰é”®é”®ç 
   7            * @param  æ— 
   8            * @retval KeyNumber æŒ‰ä¸‹æŒ‰é”®çš„é”®ç å€¼
   9                å¦‚æœæŒ‰é”®æŒ‰ä¸‹ä¸æ”¾ï¼Œç¨‹åºä¼šåœç•™åœ¨æ­¤å‡½æ•°ï¼Œæ¾æ‰‹çš„ä¸€ç¬é—´ï¼Œè¿”å›æŒ‰é”®é”®ç ï¼Œæ²¡æ
             -œ‰æŒ‰é”®æŒ‰ä¸‹æ—¶ï¼Œè¿”å›0
  10            */
  11           //æˆ‘è¿˜éœ€è¦æ·»åŠ ä¸€ä¸ªæ³¨é‡Š ï¼šç¬¬ä¸€ä¸ªæŒ‰é”®ä»£è¡¨å¤šå°‘ç¬¬åä¸ªæŒ‰é”®ä»£è¡¨å¤šå°‘
  12           
  13          unsigned char MatrixKey()
  14          {
  15   1        unsigned char KeyNumber=0;
  16   1        
  17   1        P1=0xFF;
  18   1        P1_3=0;
  19   1        if(P1_7==0){Delay(20);while(P1_7==0);Delay(20);KeyNumber=1;}
  20   1        if(P1_6==0){Delay(20);while(P1_6==0);Delay(20);KeyNumber=5;}
  21   1        if(P1_5==0){Delay(20);while(P1_5==0);Delay(20);KeyNumber=9;}
  22   1        if(P1_4==0){Delay(20);while(P1_4==0);Delay(20);KeyNumber=13;}
  23   1        
  24   1        P1=0xFF;
  25   1        P1_2=0;
  26   1        if(P1_7==0){Delay(20);while(P1_7==0);Delay(20);KeyNumber=2;}
  27   1        if(P1_6==0){Delay(20);while(P1_6==0);Delay(20);KeyNumber=6;}
  28   1        if(P1_5==0){Delay(20);while(P1_5==0);Delay(20);KeyNumber=10;}
  29   1        if(P1_4==0){Delay(20);while(P1_4==0);Delay(20);KeyNumber=14;}
  30   1        
  31   1        P1=0xFF;
  32   1        P1_1=0;
  33   1        if(P1_7==0){Delay(20);while(P1_7==0);Delay(20);KeyNumber=3;}
  34   1        if(P1_6==0){Delay(20);while(P1_6==0);Delay(20);KeyNumber=7;}
  35   1        if(P1_5==0){Delay(20);while(P1_5==0);Delay(20);KeyNumber=11;}
  36   1        if(P1_4==0){Delay(20);while(P1_4==0);Delay(20);KeyNumber=15;}
  37   1        
  38   1        P1=0xFF;
  39   1        P1_0=0;
  40   1        if(P1_7==0){Delay(20);while(P1_7==0);Delay(20);KeyNumber=4;}
  41   1        if(P1_6==0){Delay(20);while(P1_6==0);Delay(20);KeyNumber=8;}
  42   1        if(P1_5==0){Delay(20);while(P1_5==0);Delay(20);KeyNumber=12;}
  43   1        if(P1_4==0){Delay(20);while(P1_4==0);Delay(20);KeyNumber=16;}
  44   1        
  45   1        return KeyNumber;
  46   1      }


MODULE INFORMATION:   STATIC OVERLAYABLE
   CODE SIZE        =    393    ----
   CONSTANT SIZE    =   ----    ----
   XDATA SIZE       =   ----    ----
   PDATA SIZE       =   ----    ----
C51 COMPILER V9.54   MATRIXKEY                                                             10/27/2023 20:33:17 PAGE 2   

   DATA SIZE        =   ----       1
   IDATA SIZE       =   ----    ----
   BIT SIZE         =   ----    ----
END OF MODULE INFORMATION.


C51 COMPILATION COMPLETE.  0 WARNING(S),  0 ERROR(S)
